<?xml version="1.0" encoding="UTF-8"?>
<!-- Generated by org.testng.reporters.JUnitReportReporter -->
<testsuite hostname="LAPTOP-FBD5JB60" failures="0" tests="1" name="example.NewTest" time="14.891" errors="0" timestamp="14 Jul 2019 04:12:31 GMT" skipped="0">
  <testcase classname="example.NewTest" name="testEasy" time="14.891"/>
</testsuite> <!-- example.NewTest -->
